mode: set
testproject/service/kannel_service.go:37.85,48.2 1 1
testproject/service/kannel_service.go:51.73,52.19 1 1
testproject/service/kannel_service.go:59.2,69.16 10 1
testproject/service/kannel_service.go:72.2,75.16 3 1
testproject/service/kannel_service.go:81.2,82.16 2 1
testproject/service/kannel_service.go:86.2,86.30 1 1
testproject/service/kannel_service.go:53.12,54.38 1 1
testproject/service/kannel_service.go:55.12,56.38 1 1
testproject/service/kannel_service.go:69.16,71.3 1 0
testproject/service/kannel_service.go:75.16,77.3 1 1
testproject/service/kannel_service.go:77.3,77.24 1 1
testproject/service/kannel_service.go:77.24,79.3 1 1
testproject/service/kannel_service.go:82.16,84.3 1 0
